#
# There is insufficient memory for the Java Runtime Environment to continue.
# Native memory allocation (mmap) failed to map 1083703296 bytes for committing reserved memory.
# Possible reasons:
#   The system is out of physical RAM or swap space
#   In 32 bit mode, the process size limit was hit
# Possible solutions:
#   Reduce memory load on the system
#   Increase physical memory or swap space
#   Check if swap backing store is full
#   Use 64 bit Java on a 64 bit OS
#   Decrease Java heap size (-Xmx/-Xms)
#   Decrease number of Java threads
#   Decrease Java thread stack sizes (-Xss)
#   Set larger code cache with -XX:ReservedCodeCacheSize=
# This output file may be truncated or incomplete.
#
#  Out of Memory Error (os_linux.cpp:2640), pid=27825, tid=0x00007f0e9fc85700
#
# JRE version:  (8.0_151-b12) (build )
# Java VM: Java HotSpot(TM) 64-Bit Server VM (25.151-b12 mixed mode linux-amd64 compressed oops)
# Failed to write core dump. Core dumps have been disabled. To enable core dumping, try "ulimit -c unlimited" before starting Java again
#

---------------  T H R E A D  ---------------

Current thread (0x00007f0e9800c000):  JavaThread "Unknown thread" [_thread_in_vm, id=27827, stack(0x00007f0e9fb85000,0x00007f0e9fc86000)]

Stack: [0x00007f0e9fb85000,0x00007f0e9fc86000],  sp=0x00007f0e9fc84370,  free space=1020k
Native frames: (J=compiled Java code, j=interpreted, Vv=VM code, C=native code)
V  [libjvm.so+0xacb58a]  VMError::report_and_die()+0x2ba
V  [libjvm.so+0x4ff4ab]  report_vm_out_of_memory(char const*, int, unsigned long, VMErrorType, char const*)+0x8b
V  [libjvm.so+0x928113]  os::Linux::commit_memory_impl(char*, unsigned long, bool)+0x103
V  [libjvm.so+0x928669]  os::pd_commit_memory(char*, unsigned long, unsigned long, bool)+0x29
V  [libjvm.so+0x92288a]  os::commit_memory(char*, unsigned long, unsigned long, bool)+0x2a
V  [libjvm.so+0x9973e3]  PSVirtualSpace::expand_by(unsigned long)+0x53
V  [libjvm.so+0x9874f7]  PSOldGen::initialize(ReservedSpace, unsigned long, char const*, int)+0xb7
V  [libjvm.so+0x2dac3a]  AdjoiningGenerations::AdjoiningGenerations(ReservedSpace, GenerationSizer*, unsigned long)+0x39a
V  [libjvm.so+0x94b796]  ParallelScavengeHeap::initialize()+0x1d6
V  [libjvm.so+0xa93603]  Universe::initialize_heap()+0xf3
V  [libjvm.so+0xa93b6e]  universe_init()+0x3e
V  [libjvm.so+0x640545]  init_globals()+0x65
V  [libjvm.so+0xa7725e]  Threads::create_vm(JavaVMInitArgs*, bool*)+0x23e
V  [libjvm.so+0x6d4e44]  JNI_CreateJavaVM+0x74
C  [libjli.so+0x797e]  JavaMain+0x9e
C  [libpthread.so.0+0x77fc]  start_thread+0xdc


---------------  P R O C E S S  ---------------

Java Threads: ( => current thread )

Other Threads:

=>0x00007f0e9800c000 (exited) JavaThread "Unknown thread" [_thread_in_vm, id=27827, stack(0x00007f0e9fb85000,0x00007f0e9fc86000)]

VM state:not at safepoint (not fully initialized)

VM Mutex/Monitor currently owned by a thread: None

GC Heap History (0 events):
No events

Deoptimization events (0 events):
No events

Internal exceptions (0 events):
No events

Events (0 events):
No events


Dynamic libraries:
00400000-00401000 r-xp 00000000 08:02 36179500                           /usr/lib/jvm/java-8-oracle/bin/java
00600000-00601000 rw-p 00000000 08:02 36179500                           /usr/lib/jvm/java-8-oracle/bin/java
01580000-015a1000 rw-p 00000000 00:00 0                                  [heap]
dfb80000-100000000 rw-p 00000000 00:00 0 
7f0e89000000-7f0e89270000 rwxp 00000000 00:00 0 
7f0e89270000-7f0e98000000 ---p 00000000 00:00 0 
7f0e98000000-7f0e98036000 rw-p 00000000 00:00 0 
7f0e98036000-7f0e9c000000 ---p 00000000 00:00 0 
7f0e9c11a000-7f0e9c3a1000 rw-p 00000000 00:00 0 
7f0e9c3a1000-7f0e9c5a5000 ---p 00000000 00:00 0 
7f0e9c5a5000-7f0e9c6b3000 rw-p 00000000 00:00 0 
7f0e9c6b3000-7f0e9ca69000 ---p 00000000 00:00 0 
7f0e9ca69000-7f0e9ca84000 r-xp 00000000 08:02 36834376                   /usr/lib/jvm/java-8-oracle/jre/lib/amd64/libzip.so
7f0e9ca84000-7f0e9cc84000 ---p 0001b000 08:02 36834376                   /usr/lib/jvm/java-8-oracle/jre/lib/amd64/libzip.so
7f0e9cc84000-7f0e9cc85000 rw-p 0001b000 08:02 36834376                   /usr/lib/jvm/java-8-oracle/jre/lib/amd64/libzip.so
7f0e9cc85000-7f0e9cc90000 r-xp 00000000 08:02 26477713                   /lib/x86_64-linux-gnu/libnss_files-2.26.so
7f0e9cc90000-7f0e9ce8f000 ---p 0000b000 08:02 26477713                   /lib/x86_64-linux-gnu/libnss_files-2.26.so
7f0e9ce8f000-7f0e9ce90000 r--p 0000a000 08:02 26477713                   /lib/x86_64-linux-gnu/libnss_files-2.26.so
7f0e9ce90000-7f0e9ce91000 rw-p 0000b000 08:02 26477713                   /lib/x86_64-linux-gnu/libnss_files-2.26.so
7f0e9ce91000-7f0e9ce97000 rw-p 00000000 00:00 0 
7f0e9ce97000-7f0e9cea2000 r-xp 00000000 08:02 26477715                   /lib/x86_64-linux-gnu/libnss_nis-2.26.so
7f0e9cea2000-7f0e9d0a1000 ---p 0000b000 08:02 26477715                   /lib/x86_64-linux-gnu/libnss_nis-2.26.so
7f0e9d0a1000-7f0e9d0a2000 r--p 0000a000 08:02 26477715                   /lib/x86_64-linux-gnu/libnss_nis-2.26.so
7f0e9d0a2000-7f0e9d0a3000 rw-p 0000b000 08:02 26477715                   /lib/x86_64-linux-gnu/libnss_nis-2.26.so
7f0e9d0a3000-7f0e9d0ba000 r-xp 00000000 08:02 26477710                   /lib/x86_64-linux-gnu/libnsl-2.26.so
7f0e9d0ba000-7f0e9d2b9000 ---p 00017000 08:02 26477710                   /lib/x86_64-linux-gnu/libnsl-2.26.so
7f0e9d2b9000-7f0e9d2ba000 r--p 00016000 08:02 26477710                   /lib/x86_64-linux-gnu/libnsl-2.26.so
7f0e9d2ba000-7f0e9d2bb000 rw-p 00017000 08:02 26477710                   /lib/x86_64-linux-gnu/libnsl-2.26.so
7f0e9d2bb000-7f0e9d2bd000 rw-p 00000000 00:00 0 
7f0e9d2bd000-7f0e9d2c5000 r-xp 00000000 08:02 26477711                   /lib/x86_64-linux-gnu/libnss_compat-2.26.so
7f0e9d2c5000-7f0e9d4c4000 ---p 00008000 08:02 26477711                   /lib/x86_64-linux-gnu/libnss_compat-2.26.so
7f0e9d4c4000-7f0e9d4c5000 r--p 00007000 08:02 26477711                   /lib/x86_64-linux-gnu/libnss_compat-2.26.so
7f0e9d4c5000-7f0e9d4c6000 rw-p 00008000 08:02 26477711                   /lib/x86_64-linux-gnu/libnss_compat-2.26.so
7f0e9d4c6000-7f0e9d4d0000 r-xp 00000000 08:02 36834385                   /usr/lib/jvm/java-8-oracle/jre/lib/amd64/libinstrument.so
7f0e9d4d0000-7f0e9d6cf000 ---p 0000a000 08:02 36834385                   /usr/lib/jvm/java-8-oracle/jre/lib/amd64/libinstrument.so
7f0e9d6cf000-7f0e9d6d0000 rw-p 00009000 08:02 36834385                   /usr/lib/jvm/java-8-oracle/jre/lib/amd64/libinstrument.so
7f0e9d6d0000-7f0e9d6fb000 r-xp 00000000 08:02 36834370                   /usr/lib/jvm/java-8-oracle/jre/lib/amd64/libjava.so
7f0e9d6fb000-7f0e9d8fa000 ---p 0002b000 08:02 36834370                   /usr/lib/jvm/java-8-oracle/jre/lib/amd64/libjava.so
7f0e9d8fa000-7f0e9d8fc000 rw-p 0002a000 08:02 36834370                   /usr/lib/jvm/java-8-oracle/jre/lib/amd64/libjava.so
7f0e9d8fc000-7f0e9d909000 r-xp 00000000 08:02 36834375                   /usr/lib/jvm/java-8-oracle/jre/lib/amd64/libverify.so
7f0e9d909000-7f0e9db09000 ---p 0000d000 08:02 36834375                   /usr/lib/jvm/java-8-oracle/jre/lib/amd64/libverify.so
7f0e9db09000-7f0e9db0b000 rw-p 0000d000 08:02 36834375                   /usr/lib/jvm/java-8-oracle/jre/lib/amd64/libverify.so
7f0e9db0b000-7f0e9db12000 r-xp 00000000 08:02 26477720                   /lib/x86_64-linux-gnu/librt-2.26.so
7f0e9db12000-7f0e9dd11000 ---p 00007000 08:02 26477720                   /lib/x86_64-linux-gnu/librt-2.26.so
7f0e9dd11000-7f0e9dd12000 r--p 00006000 08:02 26477720                   /lib/x86_64-linux-gnu/librt-2.26.so
7f0e9dd12000-7f0e9dd13000 rw-p 00007000 08:02 26477720                   /lib/x86_64-linux-gnu/librt-2.26.so
7f0e9dd13000-7f0e9de68000 r-xp 00000000 08:02 26477707                   /lib/x86_64-linux-gnu/libm-2.26.so
7f0e9de68000-7f0e9e067000 ---p 00155000 08:02 26477707                   /lib/x86_64-linux-gnu/libm-2.26.so
7f0e9e067000-7f0e9e068000 r--p 00154000 08:02 26477707                   /lib/x86_64-linux-gnu/libm-2.26.so
7f0e9e068000-7f0e9e069000 rw-p 00155000 08:02 26477707                   /lib/x86_64-linux-gnu/libm-2.26.so
7f0e9e069000-7f0e9ed3c000 r-xp 00000000 08:02 36834353                   /usr/lib/jvm/java-8-oracle/jre/lib/amd64/server/libjvm.so
7f0e9ed3c000-7f0e9ef3b000 ---p 00cd3000 08:02 36834353                   /usr/lib/jvm/java-8-oracle/jre/lib/amd64/server/libjvm.so
7f0e9ef3b000-7f0e9f015000 rw-p 00cd2000 08:02 36834353                   /usr/lib/jvm/java-8-oracle/jre/lib/amd64/server/libjvm.so
7f0e9f015000-7f0e9f060000 rw-p 00000000 00:00 0 
7f0e9f060000-7f0e9f236000 r-xp 00000000 08:02 26477701                   /lib/x86_64-linux-gnu/libc-2.26.so
7f0e9f236000-7f0e9f436000 ---p 001d6000 08:02 26477701                   /lib/x86_64-linux-gnu/libc-2.26.so
7f0e9f436000-7f0e9f43a000 r--p 001d6000 08:02 26477701                   /lib/x86_64-linux-gnu/libc-2.26.so
7f0e9f43a000-7f0e9f43c000 rw-p 001da000 08:02 26477701                   /lib/x86_64-linux-gnu/libc-2.26.so
7f0e9f43c000-7f0e9f440000 rw-p 00000000 00:00 0 
7f0e9f440000-7f0e9f443000 r-xp 00000000 08:02 26477704                   /lib/x86_64-linux-gnu/libdl-2.26.so
7f0e9f443000-7f0e9f642000 ---p 00003000 08:02 26477704                   /lib/x86_64-linux-gnu/libdl-2.26.so
7f0e9f642000-7f0e9f643000 r--p 00002000 08:02 26477704                   /lib/x86_64-linux-gnu/libdl-2.26.so
7f0e9f643000-7f0e9f644000 rw-p 00003000 08:02 26477704                   /lib/x86_64-linux-gnu/libdl-2.26.so
7f0e9f644000-7f0e9f65a000 r-xp 00000000 08:02 36439826                   /usr/lib/jvm/java-8-oracle/lib/amd64/jli/libjli.so
7f0e9f65a000-7f0e9f859000 ---p 00016000 08:02 36439826                   /usr/lib/jvm/java-8-oracle/lib/amd64/jli/libjli.so
7f0e9f859000-7f0e9f85a000 rw-p 00015000 08:02 36439826                   /usr/lib/jvm/java-8-oracle/lib/amd64/jli/libjli.so
7f0e9f85a000-7f0e9f874000 r-xp 00000000 08:02 26477718                   /lib/x86_64-linux-gnu/libpthread-2.26.so
7f0e9f874000-7f0e9fa73000 ---p 0001a000 08:02 26477718                   /lib/x86_64-linux-gnu/libpthread-2.26.so
7f0e9fa73000-7f0e9fa74000 r--p 00019000 08:02 26477718                   /lib/x86_64-linux-gnu/libpthread-2.26.so
7f0e9fa74000-7f0e9fa75000 rw-p 0001a000 08:02 26477718                   /lib/x86_64-linux-gnu/libpthread-2.26.so
7f0e9fa75000-7f0e9fa79000 rw-p 00000000 00:00 0 
7f0e9fa79000-7f0e9faa0000 r-xp 00000000 08:02 26476733                   /lib/x86_64-linux-gnu/ld-2.26.so
7f0e9fb85000-7f0e9fb88000 ---p 00000000 00:00 0 
7f0e9fb88000-7f0e9fc8a000 rw-p 00000000 00:00 0 
7f0e9fc96000-7f0e9fc9e000 rw-s 00000000 08:02 43516169                   /tmp/hsperfdata_deepak/27825
7f0e9fc9e000-7f0e9fc9f000 rw-p 00000000 00:00 0 
7f0e9fc9f000-7f0e9fca0000 r--p 00000000 00:00 0 
7f0e9fca0000-7f0e9fca1000 r--p 00027000 08:02 26476733                   /lib/x86_64-linux-gnu/ld-2.26.so
7f0e9fca1000-7f0e9fca2000 rw-p 00028000 08:02 26476733                   /lib/x86_64-linux-gnu/ld-2.26.so
7f0e9fca2000-7f0e9fca3000 rw-p 00000000 00:00 0 
7fff14b1d000-7fff14b3e000 rw-p 00000000 00:00 0                          [stack]
7fff14b5c000-7fff14b5f000 r--p 00000000 00:00 0                          [vvar]
7fff14b5f000-7fff14b61000 r-xp 00000000 00:00 0                          [vdso]
ffffffffff600000-ffffffffff601000 r-xp 00000000 00:00 0                  [vsyscall]

VM Arguments:
jvm_args: -Xms1550m -Xmx1550m -javaagent:/snap/intellij-idea-community/36/lib/idea_rt.jar=42547:/snap/intellij-idea-community/36/bin -Dfile.encoding=UTF-8 
java_command: com.rccl.PolygonFilterApp
java_class_path (initial): /usr/lib/jvm/java-8-oracle/jre/lib/charsets.jar:/usr/lib/jvm/java-8-oracle/jre/lib/deploy.jar:/usr/lib/jvm/java-8-oracle/jre/lib/ext/cldrdata.jar:/usr/lib/jvm/java-8-oracle/jre/lib/ext/dnsns.jar:/usr/lib/jvm/java-8-oracle/jre/lib/ext/jaccess.jar:/usr/lib/jvm/java-8-oracle/jre/lib/ext/jfxrt.jar:/usr/lib/jvm/java-8-oracle/jre/lib/ext/localedata.jar:/usr/lib/jvm/java-8-oracle/jre/lib/ext/nashorn.jar:/usr/lib/jvm/java-8-oracle/jre/lib/ext/sunec.jar:/usr/lib/jvm/java-8-oracle/jre/lib/ext/sunjce_provider.jar:/usr/lib/jvm/java-8-oracle/jre/lib/ext/sunpkcs11.jar:/usr/lib/jvm/java-8-oracle/jre/lib/ext/zipfs.jar:/usr/lib/jvm/java-8-oracle/jre/lib/javaws.jar:/usr/lib/jvm/java-8-oracle/jre/lib/jce.jar:/usr/lib/jvm/java-8-oracle/jre/lib/jfr.jar:/usr/lib/jvm/java-8-oracle/jre/lib/jfxswt.jar:/usr/lib/jvm/java-8-oracle/jre/lib/jsse.jar:/usr/lib/jvm/java-8-oracle/jre/lib/management-agent.jar:/usr/lib/jvm/java-8-oracle/jre/lib/plugin.jar:/usr/lib/jvm/java-8-oracle/jre/lib/resources.jar:/usr/lib/jvm/java-8-oracle/jre/lib/rt.jar:/home/deepak/rccl/poc/landmass/target/classes:/home/deepak/.m2/repository/com/fasterxml/jackson/core/jackson-core/2.9.3/jackson-core-2.9.3.jar:/home/deepak/.m2/repository/com/fasterxml/jackson/core/jackson-databind/2.9.3/jackson-databind-2.9.3.jar:/home/deepak/.m2/repository/com/fasterxml/jackson/core/jackson-annotations/2.9.0/jackson-annotations-2.9.0.jar:/snap/intellij-idea-community/36/lib/idea_rt.jar
Launcher Type: SUN_STANDARD

Environment Variables:
JAVA_HOME=/usr/lib/jvm/java-8-oracle
PATH=/usr/local/sbin:/usr/local/bin:/usr/sbin:/usr/bin:/sbin:/bin:/usr/games:/usr/local/games:/snap/bin:/usr/lib/jvm/java-8-oracle/bin:/usr/lib/jvm/java-8-oracle/db/bin:/usr/lib/jvm/java-8-oracle/jre/bin
USERNAME=deepak
SHELL=/bin/bash
DISPLAY=:0

Signal Handlers:
SIGSEGV: [libjvm.so+0xacbe10], sa_mask[0]=11111111011111111101111111111110, sa_flags=SA_RESTART|SA_SIGINFO
SIGBUS: [libjvm.so+0xacbe10], sa_mask[0]=11111111011111111101111111111110, sa_flags=SA_RESTART|SA_SIGINFO
SIGFPE: [libjvm.so+0x924f90], sa_mask[0]=11111111011111111101111111111110, sa_flags=SA_RESTART|SA_SIGINFO
SIGPIPE: [libjvm.so+0x924f90], sa_mask[0]=11111111011111111101111111111110, sa_flags=SA_RESTART|SA_SIGINFO
SIGXFSZ: [libjvm.so+0x924f90], sa_mask[0]=11111111011111111101111111111110, sa_flags=SA_RESTART|SA_SIGINFO
SIGILL: [libjvm.so+0x924f90], sa_mask[0]=11111111011111111101111111111110, sa_flags=SA_RESTART|SA_SIGINFO
SIGUSR1: SIG_DFL, sa_mask[0]=00000000000000000000000000000000, sa_flags=none
SIGUSR2: [libjvm.so+0x9267d0], sa_mask[0]=00100000000000000000000000000000, sa_flags=SA_RESTART|SA_SIGINFO
SIGHUP: SIG_DFL, sa_mask[0]=00000000000000000000000000000000, sa_flags=none
SIGINT: SIG_DFL, sa_mask[0]=00000000000000000000000000000000, sa_flags=none
SIGTERM: SIG_DFL, sa_mask[0]=00000000000000000000000000000000, sa_flags=none
SIGQUIT: SIG_DFL, sa_mask[0]=00000000000000000000000000000000, sa_flags=none


---------------  S Y S T E M  ---------------

OS:DISTRIB_ID=Ubuntu
DISTRIB_RELEASE=17.10
DISTRIB_CODENAME=artful
DISTRIB_DESCRIPTION="Ubuntu 17.10"

uname:Linux 4.13.0-36-generic #40-Ubuntu SMP Fri Feb 16 20:07:48 UTC 2018 x86_64
libc:glibc 2.26 NPTL 2.26 
rlimit: STACK 8192k, CORE 0k, NPROC 62995, NOFILE 1048576, AS infinity
load average:2.08 2.78 4.26

/proc/meminfo:
MemTotal:       16292360 kB
MemFree:          381344 kB
MemAvailable:     696960 kB
Buffers:           60156 kB
Cached:          1120988 kB
SwapCached:        33060 kB
Active:         13802784 kB
Inactive:        1563436 kB
Active(anon):   13507384 kB
Inactive(anon):  1320568 kB
Active(file):     295400 kB
Inactive(file):   242868 kB
Unevictable:         256 kB
Mlocked:             256 kB
SwapTotal:       2097148 kB
SwapFree:          45016 kB
Dirty:             28272 kB
Writeback:             0 kB
AnonPages:      14154092 kB
Mapped:           671240 kB
Shmem:            700976 kB
Slab:             167524 kB
SReclaimable:      66188 kB
SUnreclaim:       101336 kB
KernelStack:       30856 kB
PageTables:       175804 kB
NFS_Unstable:          0 kB
Bounce:                0 kB
WritebackTmp:          0 kB
CommitLimit:    10243328 kB
Committed_AS:   32748164 kB
VmallocTotal:   34359738367 kB
VmallocUsed:           0 kB
VmallocChunk:          0 kB
HardwareCorrupted:     0 kB
AnonHugePages:         0 kB
ShmemHugePages:        0 kB
ShmemPmdMapped:        0 kB
CmaTotal:              0 kB
CmaFree:               0 kB
HugePages_Total:       0
HugePages_Free:        0
HugePages_Rsvd:        0
HugePages_Surp:        0
Hugepagesize:       2048 kB
DirectMap4k:      464424 kB
DirectMap2M:    14082048 kB
DirectMap1G:     3145728 kB


CPU:total 4 (initial active 4) (2 cores per cpu, 2 threads per core) family 6 model 142 stepping 9, cmov, cx8, fxsr, mmx, sse, sse2, sse3, ssse3, sse4.1, sse4.2, popcnt, avx, avx2, aes, clmul, erms, 3dnowpref, lzcnt, ht, tsc, tscinvbit, bmi1, bmi2, adx

/proc/cpuinfo:
processor	: 0
vendor_id	: GenuineIntel
cpu family	: 6
model		: 142
model name	: Intel(R) Core(TM) i5-7200U CPU @ 2.50GHz
stepping	: 9
microcode	: 0x5e
cpu MHz		: 2700.000
cache size	: 3072 KB
physical id	: 0
siblings	: 4
core id		: 0
cpu cores	: 2
apicid		: 0
initial apicid	: 0
fpu		: yes
fpu_exception	: yes
cpuid level	: 22
wp		: yes
flags		: fpu vme de pse tsc msr pae mce cx8 apic sep mtrr pge mca cmov pat pse36 clflush dts acpi mmx fxsr sse sse2 ss ht tm pbe syscall nx pdpe1gb rdtscp lm constant_tsc art arch_perfmon pebs bts rep_good nopl xtopology nonstop_tsc cpuid aperfmperf tsc_known_freq pni pclmulqdq dtes64 monitor ds_cpl vmx est tm2 ssse3 sdbg fma cx16 xtpr pdcm pcid sse4_1 sse4_2 x2apic movbe popcnt tsc_deadline_timer aes xsave avx f16c rdrand lahf_lm abm 3dnowprefetch cpuid_fault epb invpcid_single pti retpoline intel_pt rsb_ctxsw tpr_shadow vnmi flexpriority ept vpid fsgsbase tsc_adjust bmi1 avx2 smep bmi2 erms invpcid mpx rdseed adx smap clflushopt xsaveopt xsavec xgetbv1 xsaves dtherm ida arat pln pts hwp hwp_notify hwp_act_window hwp_epp
bugs		: cpu_meltdown spectre_v1 spectre_v2
bogomips	: 5424.00
clflush size	: 64
cache_alignment	: 64
address sizes	: 39 bits physical, 48 bits virtual
power management:

processor	: 1
vendor_id	: GenuineIntel
cpu family	: 6
model		: 142
model name	: Intel(R) Core(TM) i5-7200U CPU @ 2.50GHz
stepping	: 9
microcode	: 0x5e
cpu MHz		: 2700.000
cache size	: 3072 KB
physical id	: 0
siblings	: 4
core id		: 1
cpu cores	: 2
apicid		: 2
initial apicid	: 2
fpu		: yes
fpu_exception	: yes
cpuid level	: 22
wp		: yes
flags		: fpu vme de pse tsc msr pae mce cx8 apic sep mtrr pge mca cmov pat pse36 clflush dts acpi mmx fxsr sse sse2 ss ht tm pbe syscall nx pdpe1gb rdtscp lm constant_tsc art arch_perfmon pebs bts rep_good nopl xtopology nonstop_tsc cpuid aperfmperf tsc_known_freq pni pclmulqdq dtes64 monitor ds_cpl vmx est tm2 ssse3 sdbg fma cx16 xtpr pdcm pcid sse4_1 sse4_2 x2apic movbe popcnt tsc_deadline_timer aes xsave avx f16c rdrand lahf_lm abm 3dnowprefetch cpuid_fault epb invpcid_single pti retpoline intel_pt rsb_ctxsw tpr_shadow vnmi flexpriority ept vpid fsgsbase tsc_adjust bmi1 avx2 smep bmi2 erms invpcid mpx rdseed adx smap clflushopt xsaveopt xsavec xgetbv1 xsaves dtherm ida arat pln pts hwp hwp_notify hwp_act_window hwp_epp
bugs		: cpu_meltdown spectre_v1 spectre_v2
bogomips	: 5424.00
clflush size	: 64
cache_alignment	: 64
address sizes	: 39 bits physical, 48 bits virtual
power management:

processor	: 2
vendor_id	: GenuineIntel
cpu family	: 6
model		: 142
model name	: Intel(R) Core(TM) i5-7200U CPU @ 2.50GHz
stepping	: 9
microcode	: 0x5e
cpu MHz		: 2700.000
cache size	: 3072 KB
physical id	: 0
siblings	: 4
core id		: 0
cpu cores	: 2
apicid		: 1
initial apicid	: 1
fpu		: yes
fpu_exception	: yes
cpuid level	: 22
wp		: yes
flags		: fpu vme de pse tsc msr pae mce cx8 apic sep mtrr pge mca cmov pat pse36 clflush dts acpi mmx fxsr sse sse2 ss ht tm pbe syscall nx pdpe1gb rdtscp lm constant_tsc art arch_perfmon pebs bts rep_good nopl xtopology nonstop_tsc cpuid aperfmperf tsc_known_freq pni pclmulqdq dtes64 monitor ds_cpl vmx est tm2 ssse3 sdbg fma cx16 xtpr pdcm pcid sse4_1 sse4_2 x2apic movbe popcnt tsc_deadline_timer aes xsave avx f16c rdrand lahf_lm abm 3dnowprefetch cpuid_fault epb invpcid_single pti retpoline intel_pt rsb_ctxsw tpr_shadow vnmi flexpriority ept vpid fsgsbase tsc_adjust bmi1 avx2 smep bmi2 erms invpcid mpx rdseed adx smap clflushopt xsaveopt xsavec xgetbv1 xsaves dtherm ida arat pln pts hwp hwp_notify hwp_act_window hwp_epp
bugs		: cpu_meltdown spectre_v1 spectre_v2
bogomips	: 5424.00
clflush size	: 64
cache_alignment	: 64
address sizes	: 39 bits physical, 48 bits virtual
power management:

processor	: 3
vendor_id	: GenuineIntel
cpu family	: 6
model		: 142
model name	: Intel(R) Core(TM) i5-7200U CPU @ 2.50GHz
stepping	: 9
microcode	: 0x5e
cpu MHz		: 2700.000
cache size	: 3072 KB
physical id	: 0
siblings	: 4
core id		: 1
cpu cores	: 2
apicid		: 3
initial apicid	: 3
fpu		: yes
fpu_exception	: yes
cpuid level	: 22
wp		: yes
flags		: fpu vme de pse tsc msr pae mce cx8 apic sep mtrr pge mca cmov pat pse36 clflush dts acpi mmx fxsr sse sse2 ss ht tm pbe syscall nx pdpe1gb rdtscp lm constant_tsc art arch_perfmon pebs bts rep_good nopl xtopology nonstop_tsc cpuid aperfmperf tsc_known_freq pni pclmulqdq dtes64 monitor ds_cpl vmx est tm2 ssse3 sdbg fma cx16 xtpr pdcm pcid sse4_1 sse4_2 x2apic movbe popcnt tsc_deadline_timer aes xsave avx f16c rdrand lahf_lm abm 3dnowprefetch cpuid_fault epb invpcid_single pti retpoline intel_pt rsb_ctxsw tpr_shadow vnmi flexpriority ept vpid fsgsbase tsc_adjust bmi1 avx2 smep bmi2 erms invpcid mpx rdseed adx smap clflushopt xsaveopt xsavec xgetbv1 xsaves dtherm ida arat pln pts hwp hwp_notify hwp_act_window hwp_epp
bugs		: cpu_meltdown spectre_v1 spectre_v2
bogomips	: 5424.00
clflush size	: 64
cache_alignment	: 64
address sizes	: 39 bits physical, 48 bits virtual
power management:



Memory: 4k page, physical 16292360k(381344k free), swap 2097148k(45016k free)

vm_info: Java HotSpot(TM) 64-Bit Server VM (25.151-b12) for linux-amd64 JRE (1.8.0_151-b12), built on Sep  5 2017 19:20:58 by "java_re" with gcc 4.3.0 20080428 (Red Hat 4.3.0-8)

time: Mon Mar 26 13:57:18 2018
elapsed time: 0 seconds (0d 0h 0m 0s)

