#
# There is insufficient memory for the Java Runtime Environment to continue.
# Native memory allocation (mmap) failed to map 1083703296 bytes for committing reserved memory.
# Possible reasons:
#   The system is out of physical RAM or swap space
#   In 32 bit mode, the process size limit was hit
# Possible solutions:
#   Reduce memory load on the system
#   Increase physical memory or swap space
#   Check if swap backing store is full
#   Use 64 bit Java on a 64 bit OS
#   Decrease Java heap size (-Xmx/-Xms)
#   Decrease number of Java threads
#   Decrease Java thread stack sizes (-Xss)
#   Set larger code cache with -XX:ReservedCodeCacheSize=
# This output file may be truncated or incomplete.
#
#  Out of Memory Error (os_linux.cpp:2640), pid=28000, tid=0x00007f6973b3f700
#
# JRE version:  (8.0_151-b12) (build )
# Java VM: Java HotSpot(TM) 64-Bit Server VM (25.151-b12 mixed mode linux-amd64 compressed oops)
# Failed to write core dump. Core dumps have been disabled. To enable core dumping, try "ulimit -c unlimited" before starting Java again
#

---------------  T H R E A D  ---------------

Current thread (0x00007f696c00c000):  JavaThread "Unknown thread" [_thread_in_vm, id=28001, stack(0x00007f6973a3f000,0x00007f6973b40000)]

Stack: [0x00007f6973a3f000,0x00007f6973b40000],  sp=0x00007f6973b3e370,  free space=1020k
Native frames: (J=compiled Java code, j=interpreted, Vv=VM code, C=native code)
V  [libjvm.so+0xacb58a]  VMError::report_and_die()+0x2ba
V  [libjvm.so+0x4ff4ab]  report_vm_out_of_memory(char const*, int, unsigned long, VMErrorType, char const*)+0x8b
V  [libjvm.so+0x928113]  os::Linux::commit_memory_impl(char*, unsigned long, bool)+0x103
V  [libjvm.so+0x928669]  os::pd_commit_memory(char*, unsigned long, unsigned long, bool)+0x29
V  [libjvm.so+0x92288a]  os::commit_memory(char*, unsigned long, unsigned long, bool)+0x2a
V  [libjvm.so+0x9973e3]  PSVirtualSpace::expand_by(unsigned long)+0x53
V  [libjvm.so+0x9874f7]  PSOldGen::initialize(ReservedSpace, unsigned long, char const*, int)+0xb7
V  [libjvm.so+0x2dac3a]  AdjoiningGenerations::AdjoiningGenerations(ReservedSpace, GenerationSizer*, unsigned long)+0x39a
V  [libjvm.so+0x94b796]  ParallelScavengeHeap::initialize()+0x1d6
V  [libjvm.so+0xa93603]  Universe::initialize_heap()+0xf3
V  [libjvm.so+0xa93b6e]  universe_init()+0x3e
V  [libjvm.so+0x640545]  init_globals()+0x65
V  [libjvm.so+0xa7725e]  Threads::create_vm(JavaVMInitArgs*, bool*)+0x23e
V  [libjvm.so+0x6d4e44]  JNI_CreateJavaVM+0x74
C  [libjli.so+0x797e]  JavaMain+0x9e
C  [libpthread.so.0+0x77fc]  start_thread+0xdc


---------------  P R O C E S S  ---------------

Java Threads: ( => current thread )

Other Threads:

=>0x00007f696c00c000 (exited) JavaThread "Unknown thread" [_thread_in_vm, id=28001, stack(0x00007f6973a3f000,0x00007f6973b40000)]

VM state:not at safepoint (not fully initialized)

VM Mutex/Monitor currently owned by a thread: None

GC Heap History (0 events):
No events

Deoptimization events (0 events):
No events

Internal exceptions (0 events):
No events

Events (0 events):
No events


Dynamic libraries:
00400000-00401000 r-xp 00000000 08:02 36179500                           /usr/lib/jvm/java-8-oracle/bin/java
00600000-00601000 rw-p 00000000 08:02 36179500                           /usr/lib/jvm/java-8-oracle/bin/java
0069b000-006bc000 rw-p 00000000 00:00 0                                  [heap]
dfb80000-100000000 rw-p 00000000 00:00 0 
7f695ce69000-7f695d000000 rw-p 00000000 00:00 0 
7f695d000000-7f695d270000 rwxp 00000000 00:00 0 
7f695d270000-7f696c000000 ---p 00000000 00:00 0 
7f696c000000-7f696c036000 rw-p 00000000 00:00 0 
7f696c036000-7f6970000000 ---p 00000000 00:00 0 
7f697016b000-7f697025b000 rw-p 00000000 00:00 0 
7f697025b000-7f697045f000 ---p 00000000 00:00 0 
7f697045f000-7f697056d000 rw-p 00000000 00:00 0 
7f697056d000-7f6970923000 ---p 00000000 00:00 0 
7f6970923000-7f697093e000 r-xp 00000000 08:02 36834376                   /usr/lib/jvm/java-8-oracle/jre/lib/amd64/libzip.so
7f697093e000-7f6970b3e000 ---p 0001b000 08:02 36834376                   /usr/lib/jvm/java-8-oracle/jre/lib/amd64/libzip.so
7f6970b3e000-7f6970b3f000 rw-p 0001b000 08:02 36834376                   /usr/lib/jvm/java-8-oracle/jre/lib/amd64/libzip.so
7f6970b3f000-7f6970b4a000 r-xp 00000000 08:02 26477713                   /lib/x86_64-linux-gnu/libnss_files-2.26.so
7f6970b4a000-7f6970d49000 ---p 0000b000 08:02 26477713                   /lib/x86_64-linux-gnu/libnss_files-2.26.so
7f6970d49000-7f6970d4a000 r--p 0000a000 08:02 26477713                   /lib/x86_64-linux-gnu/libnss_files-2.26.so
7f6970d4a000-7f6970d4b000 rw-p 0000b000 08:02 26477713                   /lib/x86_64-linux-gnu/libnss_files-2.26.so
7f6970d4b000-7f6970d51000 rw-p 00000000 00:00 0 
7f6970d51000-7f6970d5c000 r-xp 00000000 08:02 26477715                   /lib/x86_64-linux-gnu/libnss_nis-2.26.so
7f6970d5c000-7f6970f5b000 ---p 0000b000 08:02 26477715                   /lib/x86_64-linux-gnu/libnss_nis-2.26.so
7f6970f5b000-7f6970f5c000 r--p 0000a000 08:02 26477715                   /lib/x86_64-linux-gnu/libnss_nis-2.26.so
7f6970f5c000-7f6970f5d000 rw-p 0000b000 08:02 26477715                   /lib/x86_64-linux-gnu/libnss_nis-2.26.so
7f6970f5d000-7f6970f74000 r-xp 00000000 08:02 26477710                   /lib/x86_64-linux-gnu/libnsl-2.26.so
7f6970f74000-7f6971173000 ---p 00017000 08:02 26477710                   /lib/x86_64-linux-gnu/libnsl-2.26.so
7f6971173000-7f6971174000 r--p 00016000 08:02 26477710                   /lib/x86_64-linux-gnu/libnsl-2.26.so
7f6971174000-7f6971175000 rw-p 00017000 08:02 26477710                   /lib/x86_64-linux-gnu/libnsl-2.26.so
7f6971175000-7f6971177000 rw-p 00000000 00:00 0 
7f6971177000-7f697117f000 r-xp 00000000 08:02 26477711                   /lib/x86_64-linux-gnu/libnss_compat-2.26.so
7f697117f000-7f697137e000 ---p 00008000 08:02 26477711                   /lib/x86_64-linux-gnu/libnss_compat-2.26.so
7f697137e000-7f697137f000 r--p 00007000 08:02 26477711                   /lib/x86_64-linux-gnu/libnss_compat-2.26.so
7f697137f000-7f6971380000 rw-p 00008000 08:02 26477711                   /lib/x86_64-linux-gnu/libnss_compat-2.26.so
7f6971380000-7f697138a000 r-xp 00000000 08:02 36834385                   /usr/lib/jvm/java-8-oracle/jre/lib/amd64/libinstrument.so
7f697138a000-7f6971589000 ---p 0000a000 08:02 36834385                   /usr/lib/jvm/java-8-oracle/jre/lib/amd64/libinstrument.so
7f6971589000-7f697158a000 rw-p 00009000 08:02 36834385                   /usr/lib/jvm/java-8-oracle/jre/lib/amd64/libinstrument.so
7f697158a000-7f69715b5000 r-xp 00000000 08:02 36834370                   /usr/lib/jvm/java-8-oracle/jre/lib/amd64/libjava.so
7f69715b5000-7f69717b4000 ---p 0002b000 08:02 36834370                   /usr/lib/jvm/java-8-oracle/jre/lib/amd64/libjava.so
7f69717b4000-7f69717b6000 rw-p 0002a000 08:02 36834370                   /usr/lib/jvm/java-8-oracle/jre/lib/amd64/libjava.so
7f69717b6000-7f69717c3000 r-xp 00000000 08:02 36834375                   /usr/lib/jvm/java-8-oracle/jre/lib/amd64/libverify.so
7f69717c3000-7f69719c3000 ---p 0000d000 08:02 36834375                   /usr/lib/jvm/java-8-oracle/jre/lib/amd64/libverify.so
7f69719c3000-7f69719c5000 rw-p 0000d000 08:02 36834375                   /usr/lib/jvm/java-8-oracle/jre/lib/amd64/libverify.so
7f69719c5000-7f69719cc000 r-xp 00000000 08:02 26477720                   /lib/x86_64-linux-gnu/librt-2.26.so
7f69719cc000-7f6971bcb000 ---p 00007000 08:02 26477720                   /lib/x86_64-linux-gnu/librt-2.26.so
7f6971bcb000-7f6971bcc000 r--p 00006000 08:02 26477720                   /lib/x86_64-linux-gnu/librt-2.26.so
7f6971bcc000-7f6971bcd000 rw-p 00007000 08:02 26477720                   /lib/x86_64-linux-gnu/librt-2.26.so
7f6971bcd000-7f6971d22000 r-xp 00000000 08:02 26477707                   /lib/x86_64-linux-gnu/libm-2.26.so
7f6971d22000-7f6971f21000 ---p 00155000 08:02 26477707                   /lib/x86_64-linux-gnu/libm-2.26.so
7f6971f21000-7f6971f22000 r--p 00154000 08:02 26477707                   /lib/x86_64-linux-gnu/libm-2.26.so
7f6971f22000-7f6971f23000 rw-p 00155000 08:02 26477707                   /lib/x86_64-linux-gnu/libm-2.26.so
7f6971f23000-7f6972bf6000 r-xp 00000000 08:02 36834353                   /usr/lib/jvm/java-8-oracle/jre/lib/amd64/server/libjvm.so
7f6972bf6000-7f6972df5000 ---p 00cd3000 08:02 36834353                   /usr/lib/jvm/java-8-oracle/jre/lib/amd64/server/libjvm.so
7f6972df5000-7f6972ecf000 rw-p 00cd2000 08:02 36834353                   /usr/lib/jvm/java-8-oracle/jre/lib/amd64/server/libjvm.so
7f6972ecf000-7f6972f1a000 rw-p 00000000 00:00 0 
7f6972f1a000-7f69730f0000 r-xp 00000000 08:02 26477701                   /lib/x86_64-linux-gnu/libc-2.26.so
7f69730f0000-7f69732f0000 ---p 001d6000 08:02 26477701                   /lib/x86_64-linux-gnu/libc-2.26.so
7f69732f0000-7f69732f4000 r--p 001d6000 08:02 26477701                   /lib/x86_64-linux-gnu/libc-2.26.so
7f69732f4000-7f69732f6000 rw-p 001da000 08:02 26477701                   /lib/x86_64-linux-gnu/libc-2.26.so
7f69732f6000-7f69732fa000 rw-p 00000000 00:00 0 
7f69732fa000-7f69732fd000 r-xp 00000000 08:02 26477704                   /lib/x86_64-linux-gnu/libdl-2.26.so
7f69732fd000-7f69734fc000 ---p 00003000 08:02 26477704                   /lib/x86_64-linux-gnu/libdl-2.26.so
7f69734fc000-7f69734fd000 r--p 00002000 08:02 26477704                   /lib/x86_64-linux-gnu/libdl-2.26.so
7f69734fd000-7f69734fe000 rw-p 00003000 08:02 26477704                   /lib/x86_64-linux-gnu/libdl-2.26.so
7f69734fe000-7f6973514000 r-xp 00000000 08:02 36439826                   /usr/lib/jvm/java-8-oracle/lib/amd64/jli/libjli.so
7f6973514000-7f6973713000 ---p 00016000 08:02 36439826                   /usr/lib/jvm/java-8-oracle/lib/amd64/jli/libjli.so
7f6973713000-7f6973714000 rw-p 00015000 08:02 36439826                   /usr/lib/jvm/java-8-oracle/lib/amd64/jli/libjli.so
7f6973714000-7f697372e000 r-xp 00000000 08:02 26477718                   /lib/x86_64-linux-gnu/libpthread-2.26.so
7f697372e000-7f697392d000 ---p 0001a000 08:02 26477718                   /lib/x86_64-linux-gnu/libpthread-2.26.so
7f697392d000-7f697392e000 r--p 00019000 08:02 26477718                   /lib/x86_64-linux-gnu/libpthread-2.26.so
7f697392e000-7f697392f000 rw-p 0001a000 08:02 26477718                   /lib/x86_64-linux-gnu/libpthread-2.26.so
7f697392f000-7f6973933000 rw-p 00000000 00:00 0 
7f6973933000-7f697395a000 r-xp 00000000 08:02 26476733                   /lib/x86_64-linux-gnu/ld-2.26.so
7f6973a3f000-7f6973a42000 ---p 00000000 00:00 0 
7f6973a42000-7f6973b44000 rw-p 00000000 00:00 0 
7f6973b50000-7f6973b58000 rw-s 00000000 08:02 43516169                   /tmp/hsperfdata_deepak/28000
7f6973b58000-7f6973b59000 rw-p 00000000 00:00 0 
7f6973b59000-7f6973b5a000 r--p 00000000 00:00 0 
7f6973b5a000-7f6973b5b000 r--p 00027000 08:02 26476733                   /lib/x86_64-linux-gnu/ld-2.26.so
7f6973b5b000-7f6973b5c000 rw-p 00028000 08:02 26476733                   /lib/x86_64-linux-gnu/ld-2.26.so
7f6973b5c000-7f6973b5d000 rw-p 00000000 00:00 0 
7fff8e905000-7fff8e926000 rw-p 00000000 00:00 0                          [stack]
7fff8e95a000-7fff8e95d000 r--p 00000000 00:00 0                          [vvar]
7fff8e95d000-7fff8e95f000 r-xp 00000000 00:00 0                          [vdso]
ffffffffff600000-ffffffffff601000 r-xp 00000000 00:00 0                  [vsyscall]

VM Arguments:
jvm_args: -Xms1550m -Xmx1550m -javaagent:/snap/intellij-idea-community/36/lib/idea_rt.jar=44377:/snap/intellij-idea-community/36/bin -Dfile.encoding=UTF-8 
java_command: com.rccl.PolygonFilterApp
java_class_path (initial): /usr/lib/jvm/java-8-oracle/jre/lib/charsets.jar:/usr/lib/jvm/java-8-oracle/jre/lib/deploy.jar:/usr/lib/jvm/java-8-oracle/jre/lib/ext/cldrdata.jar:/usr/lib/jvm/java-8-oracle/jre/lib/ext/dnsns.jar:/usr/lib/jvm/java-8-oracle/jre/lib/ext/jaccess.jar:/usr/lib/jvm/java-8-oracle/jre/lib/ext/jfxrt.jar:/usr/lib/jvm/java-8-oracle/jre/lib/ext/localedata.jar:/usr/lib/jvm/java-8-oracle/jre/lib/ext/nashorn.jar:/usr/lib/jvm/java-8-oracle/jre/lib/ext/sunec.jar:/usr/lib/jvm/java-8-oracle/jre/lib/ext/sunjce_provider.jar:/usr/lib/jvm/java-8-oracle/jre/lib/ext/sunpkcs11.jar:/usr/lib/jvm/java-8-oracle/jre/lib/ext/zipfs.jar:/usr/lib/jvm/java-8-oracle/jre/lib/javaws.jar:/usr/lib/jvm/java-8-oracle/jre/lib/jce.jar:/usr/lib/jvm/java-8-oracle/jre/lib/jfr.jar:/usr/lib/jvm/java-8-oracle/jre/lib/jfxswt.jar:/usr/lib/jvm/java-8-oracle/jre/lib/jsse.jar:/usr/lib/jvm/java-8-oracle/jre/lib/management-agent.jar:/usr/lib/jvm/java-8-oracle/jre/lib/plugin.jar:/usr/lib/jvm/java-8-oracle/jre/lib/resources.jar:/usr/lib/jvm/java-8-oracle/jre/lib/rt.jar:/home/deepak/rccl/poc/landmass/target/classes:/home/deepak/.m2/repository/com/fasterxml/jackson/core/jackson-core/2.9.3/jackson-core-2.9.3.jar:/home/deepak/.m2/repository/com/fasterxml/jackson/core/jackson-databind/2.9.3/jackson-databind-2.9.3.jar:/home/deepak/.m2/repository/com/fasterxml/jackson/core/jackson-annotations/2.9.0/jackson-annotations-2.9.0.jar:/snap/intellij-idea-community/36/lib/idea_rt.jar
Launcher Type: SUN_STANDARD

Environment Variables:
JAVA_HOME=/usr/lib/jvm/java-8-oracle
PATH=/usr/local/sbin:/usr/local/bin:/usr/sbin:/usr/bin:/sbin:/bin:/usr/games:/usr/local/games:/snap/bin:/usr/lib/jvm/java-8-oracle/bin:/usr/lib/jvm/java-8-oracle/db/bin:/usr/lib/jvm/java-8-oracle/jre/bin
USERNAME=deepak
SHELL=/bin/bash
DISPLAY=:0

Signal Handlers:
SIGSEGV: [libjvm.so+0xacbe10], sa_mask[0]=11111111011111111101111111111110, sa_flags=SA_RESTART|SA_SIGINFO
SIGBUS: [libjvm.so+0xacbe10], sa_mask[0]=11111111011111111101111111111110, sa_flags=SA_RESTART|SA_SIGINFO
SIGFPE: [libjvm.so+0x924f90], sa_mask[0]=11111111011111111101111111111110, sa_flags=SA_RESTART|SA_SIGINFO
SIGPIPE: [libjvm.so+0x924f90], sa_mask[0]=11111111011111111101111111111110, sa_flags=SA_RESTART|SA_SIGINFO
SIGXFSZ: [libjvm.so+0x924f90], sa_mask[0]=11111111011111111101111111111110, sa_flags=SA_RESTART|SA_SIGINFO
SIGILL: [libjvm.so+0x924f90], sa_mask[0]=11111111011111111101111111111110, sa_flags=SA_RESTART|SA_SIGINFO
SIGUSR1: SIG_DFL, sa_mask[0]=00000000000000000000000000000000, sa_flags=none
SIGUSR2: [libjvm.so+0x9267d0], sa_mask[0]=00100000000000000000000000000000, sa_flags=SA_RESTART|SA_SIGINFO
SIGHUP: SIG_DFL, sa_mask[0]=00000000000000000000000000000000, sa_flags=none
SIGINT: SIG_DFL, sa_mask[0]=00000000000000000000000000000000, sa_flags=none
SIGTERM: SIG_DFL, sa_mask[0]=00000000000000000000000000000000, sa_flags=none
SIGQUIT: SIG_DFL, sa_mask[0]=00000000000000000000000000000000, sa_flags=none


---------------  S Y S T E M  ---------------

OS:DISTRIB_ID=Ubuntu
DISTRIB_RELEASE=17.10
DISTRIB_CODENAME=artful
DISTRIB_DESCRIPTION="Ubuntu 17.10"

uname:Linux 4.13.0-36-generic #40-Ubuntu SMP Fri Feb 16 20:07:48 UTC 2018 x86_64
libc:glibc 2.26 NPTL 2.26 
rlimit: STACK 8192k, CORE 0k, NPROC 62995, NOFILE 1048576, AS infinity
load average:2.29 2.80 4.25

/proc/meminfo:
MemTotal:       16292360 kB
MemFree:          419924 kB
MemAvailable:     712068 kB
Buffers:           59264 kB
Cached:          1094520 kB
SwapCached:        31316 kB
Active:         13793188 kB
Inactive:        1533852 kB
Active(anon):   13511940 kB
Inactive(anon):  1300304 kB
Active(file):     281248 kB
Inactive(file):   233548 kB
Unevictable:         256 kB
Mlocked:             256 kB
SwapTotal:       2097148 kB
SwapFree:          37168 kB
Dirty:             17852 kB
Writeback:             0 kB
AnonPages:      14144108 kB
Mapped:           659688 kB
Shmem:            691548 kB
Slab:             167500 kB
SReclaimable:      66188 kB
SUnreclaim:       101312 kB
KernelStack:       30820 kB
PageTables:       175996 kB
NFS_Unstable:          0 kB
Bounce:                0 kB
WritebackTmp:          0 kB
CommitLimit:    10243328 kB
Committed_AS:   32734072 kB
VmallocTotal:   34359738367 kB
VmallocUsed:           0 kB
VmallocChunk:          0 kB
HardwareCorrupted:     0 kB
AnonHugePages:         0 kB
ShmemHugePages:        0 kB
ShmemPmdMapped:        0 kB
CmaTotal:              0 kB
CmaFree:               0 kB
HugePages_Total:       0
HugePages_Free:        0
HugePages_Rsvd:        0
HugePages_Surp:        0
Hugepagesize:       2048 kB
DirectMap4k:      464424 kB
DirectMap2M:    14082048 kB
DirectMap1G:     3145728 kB


CPU:total 4 (initial active 4) (2 cores per cpu, 2 threads per core) family 6 model 142 stepping 9, cmov, cx8, fxsr, mmx, sse, sse2, sse3, ssse3, sse4.1, sse4.2, popcnt, avx, avx2, aes, clmul, erms, 3dnowpref, lzcnt, ht, tsc, tscinvbit, bmi1, bmi2, adx

/proc/cpuinfo:
processor	: 0
vendor_id	: GenuineIntel
cpu family	: 6
model		: 142
model name	: Intel(R) Core(TM) i5-7200U CPU @ 2.50GHz
stepping	: 9
microcode	: 0x5e
cpu MHz		: 2700.000
cache size	: 3072 KB
physical id	: 0
siblings	: 4
core id		: 0
cpu cores	: 2
apicid		: 0
initial apicid	: 0
fpu		: yes
fpu_exception	: yes
cpuid level	: 22
wp		: yes
flags		: fpu vme de pse tsc msr pae mce cx8 apic sep mtrr pge mca cmov pat pse36 clflush dts acpi mmx fxsr sse sse2 ss ht tm pbe syscall nx pdpe1gb rdtscp lm constant_tsc art arch_perfmon pebs bts rep_good nopl xtopology nonstop_tsc cpuid aperfmperf tsc_known_freq pni pclmulqdq dtes64 monitor ds_cpl vmx est tm2 ssse3 sdbg fma cx16 xtpr pdcm pcid sse4_1 sse4_2 x2apic movbe popcnt tsc_deadline_timer aes xsave avx f16c rdrand lahf_lm abm 3dnowprefetch cpuid_fault epb invpcid_single pti retpoline intel_pt rsb_ctxsw tpr_shadow vnmi flexpriority ept vpid fsgsbase tsc_adjust bmi1 avx2 smep bmi2 erms invpcid mpx rdseed adx smap clflushopt xsaveopt xsavec xgetbv1 xsaves dtherm ida arat pln pts hwp hwp_notify hwp_act_window hwp_epp
bugs		: cpu_meltdown spectre_v1 spectre_v2
bogomips	: 5424.00
clflush size	: 64
cache_alignment	: 64
address sizes	: 39 bits physical, 48 bits virtual
power management:

processor	: 1
vendor_id	: GenuineIntel
cpu family	: 6
model		: 142
model name	: Intel(R) Core(TM) i5-7200U CPU @ 2.50GHz
stepping	: 9
microcode	: 0x5e
cpu MHz		: 2700.000
cache size	: 3072 KB
physical id	: 0
siblings	: 4
core id		: 1
cpu cores	: 2
apicid		: 2
initial apicid	: 2
fpu		: yes
fpu_exception	: yes
cpuid level	: 22
wp		: yes
flags		: fpu vme de pse tsc msr pae mce cx8 apic sep mtrr pge mca cmov pat pse36 clflush dts acpi mmx fxsr sse sse2 ss ht tm pbe syscall nx pdpe1gb rdtscp lm constant_tsc art arch_perfmon pebs bts rep_good nopl xtopology nonstop_tsc cpuid aperfmperf tsc_known_freq pni pclmulqdq dtes64 monitor ds_cpl vmx est tm2 ssse3 sdbg fma cx16 xtpr pdcm pcid sse4_1 sse4_2 x2apic movbe popcnt tsc_deadline_timer aes xsave avx f16c rdrand lahf_lm abm 3dnowprefetch cpuid_fault epb invpcid_single pti retpoline intel_pt rsb_ctxsw tpr_shadow vnmi flexpriority ept vpid fsgsbase tsc_adjust bmi1 avx2 smep bmi2 erms invpcid mpx rdseed adx smap clflushopt xsaveopt xsavec xgetbv1 xsaves dtherm ida arat pln pts hwp hwp_notify hwp_act_window hwp_epp
bugs		: cpu_meltdown spectre_v1 spectre_v2
bogomips	: 5424.00
clflush size	: 64
cache_alignment	: 64
address sizes	: 39 bits physical, 48 bits virtual
power management:

processor	: 2
vendor_id	: GenuineIntel
cpu family	: 6
model		: 142
model name	: Intel(R) Core(TM) i5-7200U CPU @ 2.50GHz
stepping	: 9
microcode	: 0x5e
cpu MHz		: 2700.000
cache size	: 3072 KB
physical id	: 0
siblings	: 4
core id		: 0
cpu cores	: 2
apicid		: 1
initial apicid	: 1
fpu		: yes
fpu_exception	: yes
cpuid level	: 22
wp		: yes
flags		: fpu vme de pse tsc msr pae mce cx8 apic sep mtrr pge mca cmov pat pse36 clflush dts acpi mmx fxsr sse sse2 ss ht tm pbe syscall nx pdpe1gb rdtscp lm constant_tsc art arch_perfmon pebs bts rep_good nopl xtopology nonstop_tsc cpuid aperfmperf tsc_known_freq pni pclmulqdq dtes64 monitor ds_cpl vmx est tm2 ssse3 sdbg fma cx16 xtpr pdcm pcid sse4_1 sse4_2 x2apic movbe popcnt tsc_deadline_timer aes xsave avx f16c rdrand lahf_lm abm 3dnowprefetch cpuid_fault epb invpcid_single pti retpoline intel_pt rsb_ctxsw tpr_shadow vnmi flexpriority ept vpid fsgsbase tsc_adjust bmi1 avx2 smep bmi2 erms invpcid mpx rdseed adx smap clflushopt xsaveopt xsavec xgetbv1 xsaves dtherm ida arat pln pts hwp hwp_notify hwp_act_window hwp_epp
bugs		: cpu_meltdown spectre_v1 spectre_v2
bogomips	: 5424.00
clflush size	: 64
cache_alignment	: 64
address sizes	: 39 bits physical, 48 bits virtual
power management:

processor	: 3
vendor_id	: GenuineIntel
cpu family	: 6
model		: 142
model name	: Intel(R) Core(TM) i5-7200U CPU @ 2.50GHz
stepping	: 9
microcode	: 0x5e
cpu MHz		: 2700.000
cache size	: 3072 KB
physical id	: 0
siblings	: 4
core id		: 1
cpu cores	: 2
apicid		: 3
initial apicid	: 3
fpu		: yes
fpu_exception	: yes
cpuid level	: 22
wp		: yes
flags		: fpu vme de pse tsc msr pae mce cx8 apic sep mtrr pge mca cmov pat pse36 clflush dts acpi mmx fxsr sse sse2 ss ht tm pbe syscall nx pdpe1gb rdtscp lm constant_tsc art arch_perfmon pebs bts rep_good nopl xtopology nonstop_tsc cpuid aperfmperf tsc_known_freq pni pclmulqdq dtes64 monitor ds_cpl vmx est tm2 ssse3 sdbg fma cx16 xtpr pdcm pcid sse4_1 sse4_2 x2apic movbe popcnt tsc_deadline_timer aes xsave avx f16c rdrand lahf_lm abm 3dnowprefetch cpuid_fault epb invpcid_single pti retpoline intel_pt rsb_ctxsw tpr_shadow vnmi flexpriority ept vpid fsgsbase tsc_adjust bmi1 avx2 smep bmi2 erms invpcid mpx rdseed adx smap clflushopt xsaveopt xsavec xgetbv1 xsaves dtherm ida arat pln pts hwp hwp_notify hwp_act_window hwp_epp
bugs		: cpu_meltdown spectre_v1 spectre_v2
bogomips	: 5424.00
clflush size	: 64
cache_alignment	: 64
address sizes	: 39 bits physical, 48 bits virtual
power management:



Memory: 4k page, physical 16292360k(419924k free), swap 2097148k(37168k free)

vm_info: Java HotSpot(TM) 64-Bit Server VM (25.151-b12) for linux-amd64 JRE (1.8.0_151-b12), built on Sep  5 2017 19:20:58 by "java_re" with gcc 4.3.0 20080428 (Red Hat 4.3.0-8)

time: Mon Mar 26 13:57:26 2018
elapsed time: 0 seconds (0d 0h 0m 0s)

